{"F:\\websites\\projects\\get-focused\\app\\libs\\dateFunctions.ts": {"path":"F:\\websites\\projects\\get-focused\\app\\libs\\dateFunctions.ts","statementMap":{"0":{"start":{"line":5,"column":14},"end":{"line":5,"column":41}},"1":{"start":{"line":7,"column":2},"end":{"line":11,"column":3}},"2":{"start":{"line":8,"column":4},"end":{"line":10,"column":5}},"3":{"start":{"line":9,"column":6},"end":{"line":9,"column":53}},"4":{"start":{"line":14,"column":2},"end":{"line":26,"column":3}},"5":{"start":{"line":15,"column":4},"end":{"line":15,"column":28}},"6":{"start":{"line":17,"column":22},"end":{"line":17,"column":37}},"7":{"start":{"line":18,"column":4},"end":{"line":25,"column":5}},"8":{"start":{"line":28,"column":21},"end":{"line":28,"column":62}},"9":{"start":{"line":29,"column":28},"end":{"line":29,"column":51}},"10":{"start":{"line":30,"column":23},"end":{"line":32,"column":3}},"11":{"start":{"line":34,"column":2},"end":{"line":34,"column":66}},"12":{"start":{"line":38,"column":15},"end":{"line":38,"column":25}},"13":{"start":{"line":39,"column":2},"end":{"line":39,"column":27}},"14":{"start":{"line":43,"column":2},"end":{"line":43,"column":65}},"15":{"start":{"line":47,"column":15},"end":{"line":47,"column":35}},"16":{"start":{"line":48,"column":21},"end":{"line":48,"column":55}},"17":{"start":{"line":49,"column":28},"end":{"line":49,"column":51}},"18":{"start":{"line":50,"column":23},"end":{"line":50,"column":51}},"19":{"start":{"line":51,"column":27},"end":{"line":51,"column":56}},"20":{"start":{"line":52,"column":20},"end":{"line":52,"column":70}},"21":{"start":{"line":53,"column":25},"end":{"line":53,"column":75}},"22":{"start":{"line":54,"column":2},"end":{"line":54,"column":54}},"23":{"start":{"line":58,"column":2},"end":{"line":60,"column":3}},"24":{"start":{"line":59,"column":4},"end":{"line":59,"column":67}},"25":{"start":{"line":61,"column":2},"end":{"line":61,"column":39}},"26":{"start":{"line":65,"column":2},"end":{"line":67,"column":3}},"27":{"start":{"line":66,"column":4},"end":{"line":66,"column":38}},"28":{"start":{"line":68,"column":2},"end":{"line":68,"column":39}},"29":{"start":{"line":72,"column":21},"end":{"line":72,"column":73}},"30":{"start":{"line":73,"column":16},"end":{"line":73,"column":46}},"31":{"start":{"line":76,"column":17},"end":{"line":76,"column":27}},"32":{"start":{"line":77,"column":2},"end":{"line":77,"column":30}},"33":{"start":{"line":78,"column":18},"end":{"line":78,"column":43}},"34":{"start":{"line":80,"column":18},"end":{"line":80,"column":20}},"35":{"start":{"line":81,"column":14},"end":{"line":81,"column":16}},"36":{"start":{"line":84,"column":2},"end":{"line":91,"column":3}},"37":{"start":{"line":85,"column":12},"end":{"line":85,"column":44}},"38":{"start":{"line":89,"column":4},"end":{"line":89,"column":50}},"39":{"start":{"line":90,"column":4},"end":{"line":90,"column":17}},"40":{"start":{"line":93,"column":2},"end":{"line":93,"column":47}},"41":{"start":{"line":99,"column":2},"end":{"line":105,"column":3}},"42":{"start":{"line":100,"column":4},"end":{"line":100,"column":33}},"43":{"start":{"line":101,"column":9},"end":{"line":105,"column":3}},"44":{"start":{"line":102,"column":4},"end":{"line":102,"column":23}},"45":{"start":{"line":104,"column":4},"end":{"line":104,"column":29}},"46":{"start":{"line":107,"column":21},"end":{"line":107,"column":53}},"47":{"start":{"line":110,"column":20},"end":{"line":110,"column":54}},"48":{"start":{"line":113,"column":2},"end":{"line":113,"column":58}},"49":{"start":{"line":115,"column":24},"end":{"line":115,"column":44}},"50":{"start":{"line":117,"column":2},"end":{"line":117,"column":27}},"51":{"start":{"line":120,"column":2},"end":{"line":122,"column":3}},"52":{"start":{"line":121,"column":4},"end":{"line":121,"column":70}},"53":{"start":{"line":125,"column":21},"end":{"line":125,"column":76}},"54":{"start":{"line":126,"column":2},"end":{"line":126,"column":19}},"55":{"start":{"line":131,"column":19},"end":{"line":131,"column":29}},"56":{"start":{"line":132,"column":2},"end":{"line":132,"column":27}},"57":{"start":{"line":135,"column":2},"end":{"line":137,"column":3}},"58":{"start":{"line":136,"column":4},"end":{"line":136,"column":67}},"59":{"start":{"line":140,"column":23},"end":{"line":140,"column":33}},"60":{"start":{"line":141,"column":2},"end":{"line":141,"column":63}},"61":{"start":{"line":144,"column":21},"end":{"line":144,"column":73}},"62":{"start":{"line":145,"column":16},"end":{"line":145,"column":38}},"63":{"start":{"line":146,"column":19},"end":{"line":146,"column":71}},"64":{"start":{"line":147,"column":14},"end":{"line":147,"column":34}},"65":{"start":{"line":149,"column":2},"end":{"line":149,"column":35}},"66":{"start":{"line":154,"column":19},"end":{"line":154,"column":29}},"67":{"start":{"line":155,"column":2},"end":{"line":155,"column":27}},"68":{"start":{"line":158,"column":2},"end":{"line":160,"column":3}},"69":{"start":{"line":159,"column":4},"end":{"line":159,"column":67}},"70":{"start":{"line":163,"column":23},"end":{"line":163,"column":33}},"71":{"start":{"line":164,"column":2},"end":{"line":164,"column":63}},"72":{"start":{"line":167,"column":21},"end":{"line":167,"column":73}},"73":{"start":{"line":170,"column":17},"end":{"line":170,"column":19}},"74":{"start":{"line":171,"column":2},"end":{"line":174,"column":3}},"75":{"start":{"line":171,"column":15},"end":{"line":171,"column":16}},"76":{"start":{"line":172,"column":17},"end":{"line":172,"column":39}},"77":{"start":{"line":173,"column":4},"end":{"line":173,"column":61}},"78":{"start":{"line":176,"column":2},"end":{"line":176,"column":17}},"79":{"start":{"line":179,"column":19},"end":{"line":192,"column":1}},"80":{"start":{"line":194,"column":21},"end":{"line":202,"column":1}},"81":{"start":{"line":205,"column":2},"end":{"line":207,"column":44}},"82":{"start":{"line":211,"column":2},"end":{"line":215,"column":53}},"83":{"start":{"line":218,"column":26},"end":{"line":218,"column":75}},"84":{"start":{"line":220,"column":24},"end":{"line":233,"column":1}},"85":{"start":{"line":236,"column":2},"end":{"line":241,"column":3}}},"fnMap":{"0":{"name":"determineWeek","decl":{"start":{"line":4,"column":16},"end":{"line":4,"column":29}},"loc":{"start":{"line":4,"column":44},"end":{"line":35,"column":1}},"line":4},"1":{"name":"determineYear","decl":{"start":{"line":37,"column":16},"end":{"line":37,"column":29}},"loc":{"start":{"line":37,"column":32},"end":{"line":40,"column":1}},"line":37},"2":{"name":"isLeapYear","decl":{"start":{"line":42,"column":9},"end":{"line":42,"column":19}},"loc":{"start":{"line":42,"column":26},"end":{"line":44,"column":1}},"line":42},"3":{"name":"calculateWeeksInYear","decl":{"start":{"line":46,"column":16},"end":{"line":46,"column":36}},"loc":{"start":{"line":46,"column":43},"end":{"line":55,"column":1}},"line":46},"4":{"name":"calculatePreviousWeek","decl":{"start":{"line":57,"column":16},"end":{"line":57,"column":37}},"loc":{"start":{"line":57,"column":50},"end":{"line":62,"column":1}},"line":57},"5":{"name":"calculateNextWeek","decl":{"start":{"line":64,"column":16},"end":{"line":64,"column":33}},"loc":{"start":{"line":64,"column":46},"end":{"line":69,"column":1}},"line":64},"6":{"name":"weeksInMonth","decl":{"start":{"line":71,"column":16},"end":{"line":71,"column":28}},"loc":{"start":{"line":71,"column":43},"end":{"line":94,"column":1}},"line":71},"7":{"name":"currentWeekNumber","decl":{"start":{"line":96,"column":16},"end":{"line":96,"column":33}},"loc":{"start":{"line":96,"column":45},"end":{"line":127,"column":1}},"line":96},"8":{"name":"startDateAndEndDateFromWeek","decl":{"start":{"line":129,"column":16},"end":{"line":129,"column":43}},"loc":{"start":{"line":129,"column":50},"end":{"line":150,"column":1}},"line":129},"9":{"name":"allWeekDaysFromWeek","decl":{"start":{"line":152,"column":16},"end":{"line":152,"column":35}},"loc":{"start":{"line":152,"column":42},"end":{"line":177,"column":1}},"line":152},"10":{"name":"formatDate","decl":{"start":{"line":204,"column":16},"end":{"line":204,"column":26}},"loc":{"start":{"line":204,"column":39},"end":{"line":208,"column":1}},"line":204},"11":{"name":"formatDateRange","decl":{"start":{"line":210,"column":16},"end":{"line":210,"column":31}},"loc":{"start":{"line":210,"column":64},"end":{"line":216,"column":1}},"line":210},"12":{"name":"formatDateForDailyNav","decl":{"start":{"line":235,"column":16},"end":{"line":235,"column":37}},"loc":{"start":{"line":235,"column":50},"end":{"line":242,"column":1}},"line":235}},"branchMap":{"0":{"loc":{"start":{"line":7,"column":2},"end":{"line":11,"column":3}},"type":"if","locations":[{"start":{"line":7,"column":2},"end":{"line":11,"column":3}},{"start":{},"end":{}}],"line":7},"1":{"loc":{"start":{"line":8,"column":4},"end":{"line":10,"column":5}},"type":"if","locations":[{"start":{"line":8,"column":4},"end":{"line":10,"column":5}},{"start":{},"end":{}}],"line":8},"2":{"loc":{"start":{"line":14,"column":2},"end":{"line":26,"column":3}},"type":"if","locations":[{"start":{"line":14,"column":2},"end":{"line":26,"column":3}},{"start":{"line":16,"column":9},"end":{"line":26,"column":3}}],"line":14},"3":{"loc":{"start":{"line":43,"column":9},"end":{"line":43,"column":65}},"type":"binary-expr","locations":[{"start":{"line":43,"column":9},"end":{"line":43,"column":25}},{"start":{"line":43,"column":30},"end":{"line":43,"column":46}},{"start":{"line":43,"column":50},"end":{"line":43,"column":64}}],"line":43},"4":{"loc":{"start":{"line":50,"column":23},"end":{"line":50,"column":51}},"type":"cond-expr","locations":[{"start":{"line":50,"column":42},"end":{"line":50,"column":45}},{"start":{"line":50,"column":48},"end":{"line":50,"column":51}}],"line":50},"5":{"loc":{"start":{"line":51,"column":27},"end":{"line":51,"column":56}},"type":"cond-expr","locations":[{"start":{"line":51,"column":51},"end":{"line":51,"column":52}},{"start":{"line":51,"column":55},"end":{"line":51,"column":56}}],"line":51},"6":{"loc":{"start":{"line":53,"column":25},"end":{"line":53,"column":75}},"type":"cond-expr","locations":[{"start":{"line":53,"column":70},"end":{"line":53,"column":71}},{"start":{"line":53,"column":74},"end":{"line":53,"column":75}}],"line":53},"7":{"loc":{"start":{"line":58,"column":2},"end":{"line":60,"column":3}},"type":"if","locations":[{"start":{"line":58,"column":2},"end":{"line":60,"column":3}},{"start":{},"end":{}}],"line":58},"8":{"loc":{"start":{"line":65,"column":2},"end":{"line":67,"column":3}},"type":"if","locations":[{"start":{"line":65,"column":2},"end":{"line":67,"column":3}},{"start":{},"end":{}}],"line":65},"9":{"loc":{"start":{"line":85,"column":12},"end":{"line":85,"column":44}},"type":"cond-expr","locations":[{"start":{"line":85,"column":31},"end":{"line":85,"column":32}},{"start":{"line":85,"column":35},"end":{"line":85,"column":44}}],"line":85},"10":{"loc":{"start":{"line":99,"column":2},"end":{"line":105,"column":3}},"type":"if","locations":[{"start":{"line":99,"column":2},"end":{"line":105,"column":3}},{"start":{"line":101,"column":9},"end":{"line":105,"column":3}}],"line":99},"11":{"loc":{"start":{"line":99,"column":6},"end":{"line":99,"column":45}},"type":"binary-expr","locations":[{"start":{"line":99,"column":6},"end":{"line":99,"column":30}},{"start":{"line":99,"column":34},"end":{"line":99,"column":45}}],"line":99},"12":{"loc":{"start":{"line":101,"column":9},"end":{"line":105,"column":3}},"type":"if","locations":[{"start":{"line":101,"column":9},"end":{"line":105,"column":3}},{"start":{"line":103,"column":9},"end":{"line":105,"column":3}}],"line":101},"13":{"loc":{"start":{"line":120,"column":2},"end":{"line":122,"column":3}},"type":"if","locations":[{"start":{"line":120,"column":2},"end":{"line":122,"column":3}},{"start":{},"end":{}}],"line":120},"14":{"loc":{"start":{"line":135,"column":2},"end":{"line":137,"column":3}},"type":"if","locations":[{"start":{"line":135,"column":2},"end":{"line":137,"column":3}},{"start":{},"end":{}}],"line":135},"15":{"loc":{"start":{"line":158,"column":2},"end":{"line":160,"column":3}},"type":"if","locations":[{"start":{"line":158,"column":2},"end":{"line":160,"column":3}},{"start":{},"end":{}}],"line":158}},"s":{"0":0,"1":0,"2":0,"3":0,"4":0,"5":0,"6":0,"7":0,"8":0,"9":0,"10":0,"11":0,"12":0,"13":0,"14":0,"15":0,"16":0,"17":0,"18":0,"19":0,"20":0,"21":0,"22":0,"23":0,"24":0,"25":0,"26":0,"27":0,"28":0,"29":0,"30":0,"31":0,"32":0,"33":0,"34":0,"35":0,"36":0,"37":0,"38":0,"39":0,"40":0,"41":0,"42":0,"43":0,"44":0,"45":0,"46":0,"47":0,"48":0,"49":0,"50":0,"51":0,"52":0,"53":0,"54":0,"55":0,"56":0,"57":0,"58":0,"59":0,"60":0,"61":0,"62":0,"63":0,"64":0,"65":0,"66":0,"67":0,"68":0,"69":0,"70":0,"71":0,"72":0,"73":0,"74":0,"75":0,"76":0,"77":0,"78":0,"79":1,"80":1,"81":0,"82":0,"83":1,"84":1,"85":0},"f":{"0":0,"1":0,"2":0,"3":0,"4":0,"5":0,"6":0,"7":0,"8":0,"9":0,"10":0,"11":0,"12":0},"b":{"0":[0,0],"1":[0,0],"2":[0,0],"3":[0,0,0],"4":[0,0],"5":[0,0],"6":[0,0],"7":[0,0],"8":[0,0],"9":[0,0],"10":[0,0],"11":[0,0],"12":[0,0],"13":[0,0],"14":[0,0],"15":[0,0]},"_coverageSchema":"1a1c01bbd47fc00a2c39e90264f33305004495a9","hash":"aa711483264443f0474b722183eccf407b2ce77d"}
}
