TN:
SF:app\libs\dateFunctions.ts
FN:4,determineWeek
FN:37,determineYear
FN:42,isLeapYear
FN:46,calculateWeeksInYear
FN:57,calculatePreviousWeek
FN:64,calculateNextWeek
FN:71,weeksInMonth
FN:96,currentWeekNumber
FN:129,startDateAndEndDateFromWeek
FN:152,allWeekDaysFromWeek
FN:204,formatDate
FN:210,formatDateRange
FN:235,formatDateForDailyNav
FNF:13
FNH:0
FNDA:0,determineWeek
FNDA:0,determineYear
FNDA:0,isLeapYear
FNDA:0,calculateWeeksInYear
FNDA:0,calculatePreviousWeek
FNDA:0,calculateNextWeek
FNDA:0,weeksInMonth
FNDA:0,currentWeekNumber
FNDA:0,startDateAndEndDateFromWeek
FNDA:0,allWeekDaysFromWeek
FNDA:0,formatDate
FNDA:0,formatDateRange
FNDA:0,formatDateForDailyNav
DA:5,0
DA:7,0
DA:8,0
DA:9,0
DA:14,0
DA:15,0
DA:17,0
DA:18,0
DA:28,0
DA:29,0
DA:30,0
DA:34,0
DA:38,0
DA:39,0
DA:43,0
DA:47,0
DA:48,0
DA:49,0
DA:50,0
DA:51,0
DA:52,0
DA:53,0
DA:54,0
DA:58,0
DA:59,0
DA:61,0
DA:65,0
DA:66,0
DA:68,0
DA:72,0
DA:73,0
DA:76,0
DA:77,0
DA:78,0
DA:80,0
DA:81,0
DA:84,0
DA:85,0
DA:89,0
DA:90,0
DA:93,0
DA:99,0
DA:100,0
DA:101,0
DA:102,0
DA:104,0
DA:107,0
DA:110,0
DA:113,0
DA:115,0
DA:117,0
DA:120,0
DA:121,0
DA:125,0
DA:126,0
DA:131,0
DA:132,0
DA:135,0
DA:136,0
DA:140,0
DA:141,0
DA:144,0
DA:145,0
DA:146,0
DA:147,0
DA:149,0
DA:154,0
DA:155,0
DA:158,0
DA:159,0
DA:163,0
DA:164,0
DA:167,0
DA:170,0
DA:171,0
DA:172,0
DA:173,0
DA:176,0
DA:179,1
DA:194,1
DA:205,0
DA:211,0
DA:218,1
DA:220,1
DA:236,0
LF:85
LH:4
BRDA:7,0,0,0
BRDA:7,0,1,0
BRDA:8,1,0,0
BRDA:8,1,1,0
BRDA:14,2,0,0
BRDA:14,2,1,0
BRDA:43,3,0,0
BRDA:43,3,1,0
BRDA:43,3,2,0
BRDA:50,4,0,0
BRDA:50,4,1,0
BRDA:51,5,0,0
BRDA:51,5,1,0
BRDA:53,6,0,0
BRDA:53,6,1,0
BRDA:58,7,0,0
BRDA:58,7,1,0
BRDA:65,8,0,0
BRDA:65,8,1,0
BRDA:85,9,0,0
BRDA:85,9,1,0
BRDA:99,10,0,0
BRDA:99,10,1,0
BRDA:99,11,0,0
BRDA:99,11,1,0
BRDA:101,12,0,0
BRDA:101,12,1,0
BRDA:120,13,0,0
BRDA:120,13,1,0
BRDA:135,14,0,0
BRDA:135,14,1,0
BRDA:158,15,0,0
BRDA:158,15,1,0
BRF:33
BRH:0
end_of_record
